<?xml version="1.0" encoding="UTF-8"?>
<coverage generated="1542588966320" clover="3.2.0">
  <project timestamp="1542588966320" name="All files">
    <metrics statements="4" coveredstatements="4" conditionals="4" coveredconditionals="2" methods="3" coveredmethods="2" elements="11" coveredelements="8" complexity="0" loc="4" ncloc="4" packages="1" files="1" classes="1">
      <file name="mapRecursive.js" path="/home/tiagosatur/Documents/reactninja/m02/a09-jestInPractice/src/map-recursive/mapRecursive.js">
        <metrics statements="4" coveredstatements="4" conditionals="4" coveredconditionals="2" methods="3" coveredmethods="2"/>
        <line num="20" count="1" type="cond" truecount="0" falsecount="2"/>
        <line num="24" count="6" type="stmt"/>
        <line num="25" count="18" type="stmt"/>
        <line num="26" count="18" type="cond" truecount="2" falsecount="0"/>
      </file>
    </metrics>
  </project>
</coverage>
