{"/Users/dev-05/Documents/lab/reactninja/m02/a09-jestInPractice/src/map/map.js": {"path":"/Users/dev-05/Documents/lab/reactninja/m02/a09-jestInPractice/src/map/map.js","statementMap":{"0":{"start":{"line":1,"column":13},"end":{"line":17,"column":1}},"1":{"start":{"line":2,"column":2},"end":{"line":4,"column":3}},"2":{"start":{"line":3,"column":4},"end":{"line":3,"column":50}},"3":{"start":{"line":6,"column":2},"end":{"line":8,"column":3}},"4":{"start":{"line":7,"column":4},"end":{"line":7,"column":47}},"5":{"start":{"line":10,"column":15},"end":{"line":10,"column":17}},"6":{"start":{"line":12,"column":2},"end":{"line":14,"column":3}},"7":{"start":{"line":13,"column":4},"end":{"line":13,"column":37}},"8":{"start":{"line":16,"column":2},"end":{"line":16,"column":16}}},"fnMap":{"0":{"name":"(anonymous_0)","decl":{"start":{"line":1,"column":13},"end":{"line":1,"column":14}},"loc":{"start":{"line":1,"column":33},"end":{"line":17,"column":1}},"line":1}},"branchMap":{"0":{"loc":{"start":{"line":1,"column":14},"end":{"line":1,"column":22}},"type":"default-arg","locations":[{"start":{"line":1,"column":20},"end":{"line":1,"column":22}}],"line":1},"1":{"loc":{"start":{"line":2,"column":2},"end":{"line":4,"column":3}},"type":"if","locations":[{"start":{"line":2,"column":2},"end":{"line":4,"column":3}},{"start":{"line":2,"column":2},"end":{"line":4,"column":3}}],"line":2},"2":{"loc":{"start":{"line":6,"column":2},"end":{"line":8,"column":3}},"type":"if","locations":[{"start":{"line":6,"column":2},"end":{"line":8,"column":3}},{"start":{"line":6,"column":2},"end":{"line":8,"column":3}}],"line":6}},"s":{"0":1,"1":6,"2":2,"3":4,"4":0,"5":4,"6":4,"7":8,"8":4},"f":{"0":6},"b":{"0":[2],"1":[2,4],"2":[0,4]},"_coverageSchema":"332fd63041d2c1bcb487cc26dd0d5f7d97098a6c","hash":"9ef71348271dfe04a610d2b50627bf6d5ca997a3"}
}
