{"/home/tiagosatur/Documents/reactninja/m02/a09-jestInPractice/src/map-recursive/mapRecursive.js": {"path":"/home/tiagosatur/Documents/reactninja/m02/a09-jestInPractice/src/map-recursive/mapRecursive.js","statementMap":{"0":{"start":{"line":20,"column":22},"end":{"line":32,"column":1}},"1":{"start":{"line":20,"column":50},"end":{"line":20,"column":54}},"2":{"start":{"line":24,"column":2},"end":{"line":30,"column":12}},"3":{"start":{"line":25,"column":28},"end":{"line":25,"column":41}},"4":{"start":{"line":26,"column":4},"end":{"line":29,"column":5}}},"fnMap":{"0":{"name":"(anonymous_0)","decl":{"start":{"line":20,"column":22},"end":{"line":20,"column":23}},"loc":{"start":{"line":20,"column":59},"end":{"line":32,"column":1}},"line":20},"1":{"name":"(anonymous_1)","decl":{"start":{"line":20,"column":40},"end":{"line":20,"column":41}},"loc":{"start":{"line":20,"column":50},"end":{"line":20,"column":54}},"line":20},"2":{"name":"mapInternal","decl":{"start":{"line":24,"column":19},"end":{"line":24,"column":30}},"loc":{"start":{"line":24,"column":55},"end":{"line":30,"column":3}},"line":24}},"branchMap":{"0":{"loc":{"start":{"line":20,"column":23},"end":{"line":20,"column":31}},"type":"default-arg","locations":[{"start":{"line":20,"column":29},"end":{"line":20,"column":31}}],"line":20},"1":{"loc":{"start":{"line":20,"column":33},"end":{"line":20,"column":54}},"type":"default-arg","locations":[{"start":{"line":20,"column":40},"end":{"line":20,"column":54}}],"line":20},"2":{"loc":{"start":{"line":26,"column":11},"end":{"line":29,"column":5}},"type":"cond-expr","locations":[{"start":{"line":26,"column":40},"end":{"line":26,"column":42}},{"start":{"line":26,"column":45},"end":{"line":29,"column":5}}],"line":26}},"s":{"0":1,"1":0,"2":6,"3":18,"4":18},"f":{"0":6,"1":0,"2":18},"b":{"0":[0],"1":[0],"2":[6,12]},"_coverageSchema":"332fd63041d2c1bcb487cc26dd0d5f7d97098a6c","hash":"59dd5ae74113f5bcfc9eb955c8dba3d497e6f9ca"}
}
