TN:
SF:/Users/dev-05/Documents/lab/reactninja/m02/a09-jestInPractice/src/map/map-recursive.js
FN:1,(anonymous_0)
FNF:1
FNH:1
FNDA:6,(anonymous_0)
DA:1,1
DA:2,6
DA:3,2
DA:6,4
DA:7,0
DA:10,4
DA:12,4
DA:13,8
DA:16,4
LF:9
LH:8
BRDA:1,0,0,2
BRDA:2,1,0,2
BRDA:2,1,1,4
BRDA:6,2,0,0
BRDA:6,2,1,4
BRF:5
BRH:4
end_of_record
TN:
SF:/Users/dev-05/Documents/lab/reactninja/m02/a09-jestInPractice/src/map/map.js
FN:1,(anonymous_0)
FNF:1
FNH:1
FNDA:6,(anonymous_0)
DA:1,1
DA:2,6
DA:3,2
DA:6,4
DA:7,0
DA:10,4
DA:12,4
DA:13,8
DA:16,4
LF:9
LH:8
BRDA:1,0,0,2
BRDA:2,1,0,2
BRDA:2,1,1,4
BRDA:6,2,0,0
BRDA:6,2,1,4
BRF:5
BRH:4
end_of_record
