TN:
SF:/home/tiagosatur/Documents/reactninja/m02/a09-jestInPractice/src/map/map.js
FN:1,(anonymous_0)
FN:1,(anonymous_1)
FNF:2
FNH:1
FNDA:6,(anonymous_0)
FNDA:0,(anonymous_1)
DA:1,1
DA:3,6
DA:4,0
DA:7,6
DA:8,0
DA:11,6
DA:13,6
DA:14,12
DA:16,6
LF:9
LH:7
BRDA:1,0,0,0
BRDA:1,1,0,0
BRDA:3,2,0,0
BRDA:3,2,1,6
BRDA:7,3,0,0
BRDA:7,3,1,6
BRF:6
BRH:2
end_of_record
TN:
SF:/home/tiagosatur/Documents/reactninja/m02/a09-jestInPractice/src/map-recursive/mapRecursive.js
FN:1,(anonymous_0)
FN:1,(anonymous_1)
FNF:2
FNH:1
FNDA:6,(anonymous_0)
FNDA:0,(anonymous_1)
DA:1,1
DA:3,6
DA:4,0
DA:6,6
DA:7,6
LF:5
LH:4
BRDA:1,0,0,0
BRDA:1,1,0,0
BRDA:3,2,0,0
BRDA:3,2,1,6
BRF:4
BRH:1
end_of_record
